{
  "RSpec": {
    "coverage": {
      "/Users/tinygobby/Desktop/Projects/Makers/Week_3/battle/app.rb": [
        1,
        1,
        1,
        null,
        1,
        null,
        null,
        null,
        null,
        null,
        null,
        1,
        null,
        0,
        null,
        null,
        1,
        0,
        0,
        0,
        null,
        null,
        0,
        null,
        null,
        1,
        null,
        null,
        0,
        null,
        null,
        1,
        null,
        null,
        0,
        null,
        null,
        1,
        null
      ],
      "/Users/tinygobby/Desktop/Projects/Makers/Week_3/battle/lib/player.rb": [
        1,
        1,
        null,
        1,
        2,
        2,
        null,
        null,
        1,
        0,
        null,
        null
      ],
      "/Users/tinygobby/Desktop/Projects/Makers/Week_3/battle/lib/game.rb": [
        1,
        1,
        1,
        1,
        null,
        null,
        1,
        0,
        null,
        null,
        1,
        1,
        null,
        null
      ],
      "/Users/tinygobby/Desktop/Projects/Makers/Week_3/battle/spec/features/web_helpers.rb": [
        1,
        0,
        0,
        0,
        0,
        null
      ],
      "/Users/tinygobby/Desktop/Projects/Makers/Week_3/battle/spec/game_spec.rb": [
        1,
        1,
        1,
        1,
        2,
        null,
        null,
        null,
        null,
        null,
        null,
        null,
        null,
        1,
        1,
        0,
        0,
        null,
        null,
        null,
        1,
        1,
        1,
        null,
        null,
        null
      ]
    },
    "timestamp": 1537372950
  }
}
